TN:
SF:src/atoms/Button/Button.tsx
FN:6,(anonymous_4)
FNF:1
FNH:1
FNDA:2,(anonymous_4)
DA:1,1
DA:3,1
DA:4,1
DA:6,2
DA:7,2
DA:20,1
DA:25,1
LF:7
LH:7
BRF:0
BRH:0
end_of_record
TN:
SF:src/atoms/Button/Button.types.ts
FN:14,(anonymous_0)
FN:19,(anonymous_1)
FNF:2
FNH:2
FNDA:1,(anonymous_0)
FNDA:1,(anonymous_1)
DA:14,1
DA:15,1
DA:16,1
DA:19,1
DA:20,1
DA:21,1
DA:22,1
LF:7
LH:7
BRDA:14,0,0,1
BRDA:14,0,1,1
BRDA:19,1,0,1
BRDA:19,1,1,1
BRF:4
BRH:4
end_of_record
TN:
SF:src/utils/snapTest.tsx
FN:8,(anonymous_3)
FN:9,(anonymous_4)
FN:14,(anonymous_5)
FN:15,(anonymous_6)
FN:16,(anonymous_7)
FNF:5
FNH:5
FNDA:1,(anonymous_3)
FNDA:1,(anonymous_4)
FNDA:1,(anonymous_5)
FNDA:1,(anonymous_6)
FNDA:1,(anonymous_7)
DA:1,1
DA:8,1
DA:9,1
DA:10,1
DA:14,1
DA:15,1
DA:16,1
DA:17,2
DA:19,1
DA:20,1
DA:25,1
LF:11
LH:11
BRF:0
BRH:0
end_of_record
